CRITICAL - 2025-05-06 20:43:04 --> Error: Call to a member function getResult() on bool
[Method: POST, Route: quizzes/updateQuiz]
in APPPATH/Models/QuizModel.php on line 23.
 1 APPPATH/Controllers/Quizzes.php(45): App\Models\QuizModel->updateQuiz('10', '1746564184000')
 2 SYSTEMPATH/CodeIgniter.php(933): App\Controllers\Quizzes->updateQuiz()
 3 SYSTEMPATH/CodeIgniter.php(509): CodeIgniter\CodeIgniter->runController(Object(App\Controllers\Quizzes))
 4 SYSTEMPATH/CodeIgniter.php(355): CodeIgniter\CodeIgniter->handleRequest(null, Object(Config\Cache), false)
 5 SYSTEMPATH/Boot.php(325): CodeIgniter\CodeIgniter->run()
 6 SYSTEMPATH/Boot.php(67): CodeIgniter\Boot::runCodeIgniter(Object(CodeIgniter\CodeIgniter))
 7 FCPATH/index.php(56): CodeIgniter\Boot::bootWeb(Object(Config\Paths))
CRITICAL - 2025-05-06 22:13:54 --> Error: Call to a member function getResult() on bool
[Method: POST, Route: quizzes/updateQuiz]
in APPPATH/Models/QuizModel.php on line 23.
 1 APPPATH/Controllers/Quizzes.php(45): App\Models\QuizModel->updateQuiz('11', '1746569634000')
 2 SYSTEMPATH/CodeIgniter.php(933): App\Controllers\Quizzes->updateQuiz()
 3 SYSTEMPATH/CodeIgniter.php(509): CodeIgniter\CodeIgniter->runController(Object(App\Controllers\Quizzes))
 4 SYSTEMPATH/CodeIgniter.php(355): CodeIgniter\CodeIgniter->handleRequest(null, Object(Config\Cache), false)
 5 SYSTEMPATH/Boot.php(325): CodeIgniter\CodeIgniter->run()
 6 SYSTEMPATH/Boot.php(67): CodeIgniter\Boot::runCodeIgniter(Object(CodeIgniter\CodeIgniter))
 7 FCPATH/index.php(56): CodeIgniter\Boot::bootWeb(Object(Config\Paths))
ERROR - 2025-05-06 22:21:56 --> mysqli_sql_exception: Incorrect number of arguments for PROCEDURE bd_gaceta_policial.sp_AppListByRoleId; expected 1, got 0 in /opt/lampp/htdocs/gacetapolicial/be/system/Database/MySQLi/Connection.php:312
Stack trace:
#0 /opt/lampp/htdocs/gacetapolicial/be/system/Database/MySQLi/Connection.php(312): mysqli->query('CALL sp_AppList...', 0)
#1 /opt/lampp/htdocs/gacetapolicial/be/system/Database/BaseConnection.php(734): CodeIgniter\Database\MySQLi\Connection->execute('CALL sp_AppList...')
#2 /opt/lampp/htdocs/gacetapolicial/be/system/Database/BaseConnection.php(648): CodeIgniter\Database\BaseConnection->simpleQuery('CALL sp_AppList...')
#3 /opt/lampp/htdocs/gacetapolicial/be/app/Models/ProfileModel.php(14): CodeIgniter\Database\BaseConnection->query('CALL sp_AppList...')
#4 /opt/lampp/htdocs/gacetapolicial/be/app/Controllers/Profiles.php(16): App\Models\ProfileModel->listByRoleId('')
#5 /opt/lampp/htdocs/gacetapolicial/be/system/CodeIgniter.php(933): App\Controllers\Profiles->listByRoleId()
#6 /opt/lampp/htdocs/gacetapolicial/be/system/CodeIgniter.php(509): CodeIgniter\CodeIgniter->runController(Object(App\Controllers\Profiles))
#7 /opt/lampp/htdocs/gacetapolicial/be/system/CodeIgniter.php(355): CodeIgniter\CodeIgniter->handleRequest(NULL, Object(Config\Cache), false)
#8 /opt/lampp/htdocs/gacetapolicial/be/system/Boot.php(325): CodeIgniter\CodeIgniter->run()
#9 /opt/lampp/htdocs/gacetapolicial/be/system/Boot.php(67): CodeIgniter\Boot::runCodeIgniter(Object(CodeIgniter\CodeIgniter))
#10 /opt/lampp/htdocs/gacetapolicial/be/index.php(56): CodeIgniter\Boot::bootWeb(Object(Config\Paths))
#11 {main}
CRITICAL - 2025-05-06 22:21:56 --> CodeIgniter\Database\Exceptions\DatabaseException: Incorrect number of arguments for PROCEDURE bd_gaceta_policial.sp_AppListByRoleId; expected 1, got 0
[Method: POST, Route: profiles/listByRoleId]
in SYSTEMPATH/Database/BaseConnection.php on line 688.
 1 APPPATH/Models/ProfileModel.php(14): CodeIgniter\Database\BaseConnection->query('CALL sp_AppListByRoleId();')
 2 APPPATH/Controllers/Profiles.php(16): App\Models\ProfileModel->listByRoleId('')
 3 SYSTEMPATH/CodeIgniter.php(933): App\Controllers\Profiles->listByRoleId()
 4 SYSTEMPATH/CodeIgniter.php(509): CodeIgniter\CodeIgniter->runController(Object(App\Controllers\Profiles))
 5 SYSTEMPATH/CodeIgniter.php(355): CodeIgniter\CodeIgniter->handleRequest(null, Object(Config\Cache), false)
 6 SYSTEMPATH/Boot.php(325): CodeIgniter\CodeIgniter->run()
 7 SYSTEMPATH/Boot.php(67): CodeIgniter\Boot::runCodeIgniter(Object(CodeIgniter\CodeIgniter))
 8 FCPATH/index.php(56): CodeIgniter\Boot::bootWeb(Object(Config\Paths))
CRITICAL - 2025-05-06 22:21:56 --> [Caused by] CodeIgniter\Database\Exceptions\DatabaseException: Incorrect number of arguments for PROCEDURE bd_gaceta_policial.sp_AppListByRoleId; expected 1, got 0
in SYSTEMPATH/Database/MySQLi/Connection.php on line 317.
 1 SYSTEMPATH/Database/BaseConnection.php(734): CodeIgniter\Database\MySQLi\Connection->execute('CALL sp_AppListByRoleId();')
 2 SYSTEMPATH/Database/BaseConnection.php(648): CodeIgniter\Database\BaseConnection->simpleQuery('CALL sp_AppListByRoleId();')
 3 APPPATH/Models/ProfileModel.php(14): CodeIgniter\Database\BaseConnection->query('CALL sp_AppListByRoleId();')
 4 APPPATH/Controllers/Profiles.php(16): App\Models\ProfileModel->listByRoleId('')
 5 SYSTEMPATH/CodeIgniter.php(933): App\Controllers\Profiles->listByRoleId()
 6 SYSTEMPATH/CodeIgniter.php(509): CodeIgniter\CodeIgniter->runController(Object(App\Controllers\Profiles))
 7 SYSTEMPATH/CodeIgniter.php(355): CodeIgniter\CodeIgniter->handleRequest(null, Object(Config\Cache), false)
 8 SYSTEMPATH/Boot.php(325): CodeIgniter\CodeIgniter->run()
 9 SYSTEMPATH/Boot.php(67): CodeIgniter\Boot::runCodeIgniter(Object(CodeIgniter\CodeIgniter))
10 FCPATH/index.php(56): CodeIgniter\Boot::bootWeb(Object(Config\Paths))
CRITICAL - 2025-05-06 22:21:56 --> [Caused by] mysqli_sql_exception: Incorrect number of arguments for PROCEDURE bd_gaceta_policial.sp_AppListByRoleId; expected 1, got 0
in SYSTEMPATH/Database/MySQLi/Connection.php on line 312.
 1 SYSTEMPATH/Database/MySQLi/Connection.php(312): mysqli->query('CALL sp_AppListByRoleId();', 0)
 2 SYSTEMPATH/Database/BaseConnection.php(734): CodeIgniter\Database\MySQLi\Connection->execute('CALL sp_AppListByRoleId();')
 3 SYSTEMPATH/Database/BaseConnection.php(648): CodeIgniter\Database\BaseConnection->simpleQuery('CALL sp_AppListByRoleId();')
 4 APPPATH/Models/ProfileModel.php(14): CodeIgniter\Database\BaseConnection->query('CALL sp_AppListByRoleId();')
 5 APPPATH/Controllers/Profiles.php(16): App\Models\ProfileModel->listByRoleId('')
 6 SYSTEMPATH/CodeIgniter.php(933): App\Controllers\Profiles->listByRoleId()
 7 SYSTEMPATH/CodeIgniter.php(509): CodeIgniter\CodeIgniter->runController(Object(App\Controllers\Profiles))
 8 SYSTEMPATH/CodeIgniter.php(355): CodeIgniter\CodeIgniter->handleRequest(null, Object(Config\Cache), false)
 9 SYSTEMPATH/Boot.php(325): CodeIgniter\CodeIgniter->run()
10 SYSTEMPATH/Boot.php(67): CodeIgniter\Boot::runCodeIgniter(Object(CodeIgniter\CodeIgniter))
11 FCPATH/index.php(56): CodeIgniter\Boot::bootWeb(Object(Config\Paths))
