CRITICAL - 2025-05-12 04:53:16 --> ErrorException: Undefined property: stdClass::$started_at
[Method: POST, Route: reviewDetails/updateReviewDetailByReviewId]
in APPPATH/Controllers/ReviewDetails.php on line 187.
 1 APPPATH/Controllers/ReviewDetails.php(187): CodeIgniter\Debug\Exceptions->errorHandler(2, 'Undefined property: stdClass::$started_at', '/opt/lampp/htdocs/gacetapolicial/be/app/Controllers/ReviewDetails.php', 187)
 2 SYSTEMPATH/CodeIgniter.php(933): App\Controllers\ReviewDetails->updateReviewDetailByReviewId()
 3 SYSTEMPATH/CodeIgniter.php(509): CodeIgniter\CodeIgniter->runController(Object(App\Controllers\ReviewDetails))
 4 SYSTEMPATH/CodeIgniter.php(355): CodeIgniter\CodeIgniter->handleRequest(null, Object(Config\Cache), false)
 5 SYSTEMPATH/Boot.php(325): CodeIgniter\CodeIgniter->run()
 6 SYSTEMPATH/Boot.php(67): CodeIgniter\Boot::runCodeIgniter(Object(CodeIgniter\CodeIgniter))
 7 FCPATH/index.php(56): CodeIgniter\Boot::bootWeb(Object(Config\Paths))
CRITICAL - 2025-05-12 04:53:16 --> ErrorException: Undefined property: stdClass::$started_at
[Method: POST, Route: reviewDetails/updateReviewDetailByReviewId]
in APPPATH/Controllers/ReviewDetails.php on line 187.
 1 APPPATH/Controllers/ReviewDetails.php(187): CodeIgniter\Debug\Exceptions->errorHandler(2, 'Undefined property: stdClass::$started_at', '/opt/lampp/htdocs/gacetapolicial/be/app/Controllers/ReviewDetails.php', 187)
 2 SYSTEMPATH/CodeIgniter.php(933): App\Controllers\ReviewDetails->updateReviewDetailByReviewId()
 3 SYSTEMPATH/CodeIgniter.php(509): CodeIgniter\CodeIgniter->runController(Object(App\Controllers\ReviewDetails))
 4 SYSTEMPATH/CodeIgniter.php(355): CodeIgniter\CodeIgniter->handleRequest(null, Object(Config\Cache), false)
 5 SYSTEMPATH/Boot.php(325): CodeIgniter\CodeIgniter->run()
 6 SYSTEMPATH/Boot.php(67): CodeIgniter\Boot::runCodeIgniter(Object(CodeIgniter\CodeIgniter))
 7 FCPATH/index.php(56): CodeIgniter\Boot::bootWeb(Object(Config\Paths))
CRITICAL - 2025-05-12 04:54:00 --> ErrorException: Undefined property: stdClass::$started_at
[Method: POST, Route: reviewDetails/updateReviewDetailByReviewId]
in APPPATH/Controllers/ReviewDetails.php on line 187.
 1 APPPATH/Controllers/ReviewDetails.php(187): CodeIgniter\Debug\Exceptions->errorHandler(2, 'Undefined property: stdClass::$started_at', '/opt/lampp/htdocs/gacetapolicial/be/app/Controllers/ReviewDetails.php', 187)
 2 SYSTEMPATH/CodeIgniter.php(933): App\Controllers\ReviewDetails->updateReviewDetailByReviewId()
 3 SYSTEMPATH/CodeIgniter.php(509): CodeIgniter\CodeIgniter->runController(Object(App\Controllers\ReviewDetails))
 4 SYSTEMPATH/CodeIgniter.php(355): CodeIgniter\CodeIgniter->handleRequest(null, Object(Config\Cache), false)
 5 SYSTEMPATH/Boot.php(325): CodeIgniter\CodeIgniter->run()
 6 SYSTEMPATH/Boot.php(67): CodeIgniter\Boot::runCodeIgniter(Object(CodeIgniter\CodeIgniter))
 7 FCPATH/index.php(56): CodeIgniter\Boot::bootWeb(Object(Config\Paths))
CRITICAL - 2025-05-12 04:54:00 --> ErrorException: Undefined property: stdClass::$started_at
[Method: POST, Route: reviewDetails/updateReviewDetailByReviewId]
in APPPATH/Controllers/ReviewDetails.php on line 187.
 1 APPPATH/Controllers/ReviewDetails.php(187): CodeIgniter\Debug\Exceptions->errorHandler(2, 'Undefined property: stdClass::$started_at', '/opt/lampp/htdocs/gacetapolicial/be/app/Controllers/ReviewDetails.php', 187)
 2 SYSTEMPATH/CodeIgniter.php(933): App\Controllers\ReviewDetails->updateReviewDetailByReviewId()
 3 SYSTEMPATH/CodeIgniter.php(509): CodeIgniter\CodeIgniter->runController(Object(App\Controllers\ReviewDetails))
 4 SYSTEMPATH/CodeIgniter.php(355): CodeIgniter\CodeIgniter->handleRequest(null, Object(Config\Cache), false)
 5 SYSTEMPATH/Boot.php(325): CodeIgniter\CodeIgniter->run()
 6 SYSTEMPATH/Boot.php(67): CodeIgniter\Boot::runCodeIgniter(Object(CodeIgniter\CodeIgniter))
 7 FCPATH/index.php(56): CodeIgniter\Boot::bootWeb(Object(Config\Paths))
