CRITICAL - 2025-04-19 06:22:16 --> ErrorException: Undefined property: stdClass::$img
[Method: POST, Route: categories]
in APPPATH/Controllers/Categories.php on line 50.
 1 APPPATH/Controllers/Categories.php(50): CodeIgniter\Debug\Exceptions->errorHandler(2, 'Undefined property: stdClass::$img', '/opt/lampp/htdocs/gacetapolicial/be/app/Controllers/Categories.php', 50)
 2 SYSTEMPATH/CodeIgniter.php(933): App\Controllers\Categories->create()
 3 SYSTEMPATH/CodeIgniter.php(509): CodeIgniter\CodeIgniter->runController(Object(App\Controllers\Categories))
 4 SYSTEMPATH/CodeIgniter.php(355): CodeIgniter\CodeIgniter->handleRequest(null, Object(Config\Cache), false)
 5 SYSTEMPATH/Boot.php(325): CodeIgniter\CodeIgniter->run()
 6 SYSTEMPATH/Boot.php(67): CodeIgniter\Boot::runCodeIgniter(Object(CodeIgniter\CodeIgniter))
 7 FCPATH/index.php(56): CodeIgniter\Boot::bootWeb(Object(Config\Paths))
CRITICAL - 2025-04-19 06:23:07 --> ErrorException: Undefined property: stdClass::$img
[Method: POST, Route: categories]
in APPPATH/Controllers/Categories.php on line 50.
 1 APPPATH/Controllers/Categories.php(50): CodeIgniter\Debug\Exceptions->errorHandler(2, 'Undefined property: stdClass::$img', '/opt/lampp/htdocs/gacetapolicial/be/app/Controllers/Categories.php', 50)
 2 SYSTEMPATH/CodeIgniter.php(933): App\Controllers\Categories->create()
 3 SYSTEMPATH/CodeIgniter.php(509): CodeIgniter\CodeIgniter->runController(Object(App\Controllers\Categories))
 4 SYSTEMPATH/CodeIgniter.php(355): CodeIgniter\CodeIgniter->handleRequest(null, Object(Config\Cache), false)
 5 SYSTEMPATH/Boot.php(325): CodeIgniter\CodeIgniter->run()
 6 SYSTEMPATH/Boot.php(67): CodeIgniter\Boot::runCodeIgniter(Object(CodeIgniter\CodeIgniter))
 7 FCPATH/index.php(56): CodeIgniter\Boot::bootWeb(Object(Config\Paths))
CRITICAL - 2025-04-19 06:30:20 --> ErrorException: Undefined array key 0
[Method: DELETE, Route: categories/17]
in APPPATH/Controllers/Categories.php on line 97.
 1 APPPATH/Controllers/Categories.php(97): CodeIgniter\Debug\Exceptions->errorHandler(2, 'Undefined array key 0', '/opt/lampp/htdocs/gacetapolicial/be/app/Controllers/Categories.php', 97)
 2 SYSTEMPATH/CodeIgniter.php(933): App\Controllers\Categories->delete('17')
 3 SYSTEMPATH/CodeIgniter.php(509): CodeIgniter\CodeIgniter->runController(Object(App\Controllers\Categories))
 4 SYSTEMPATH/CodeIgniter.php(355): CodeIgniter\CodeIgniter->handleRequest(null, Object(Config\Cache), false)
 5 SYSTEMPATH/Boot.php(325): CodeIgniter\CodeIgniter->run()
 6 SYSTEMPATH/Boot.php(67): CodeIgniter\Boot::runCodeIgniter(Object(CodeIgniter\CodeIgniter))
 7 FCPATH/index.php(56): CodeIgniter\Boot::bootWeb(Object(Config\Paths))
CRITICAL - 2025-04-19 06:35:45 --> ParseError: syntax error, unexpected token "*"
[Method: DELETE, Route: categories/17]
in APPPATH/Controllers/Categories.php on line 110.
 1 SYSTEMPATH/Autoloader/Autoloader.php(296): CodeIgniter\Autoloader\Autoloader->includeFile('/opt/lampp/htdocs/gacetapolicial/be/app/Controllers/Categories.php')
 2 SYSTEMPATH/Autoloader/Autoloader.php(272): CodeIgniter\Autoloader\Autoloader->loadInNamespace('App\\Controllers\\Categories')
 3 [internal function]: CodeIgniter\Autoloader\Autoloader->loadClass('App\\Controllers\\Categories')
 4 SYSTEMPATH/CodeIgniter.php(887): class_exists('\\App\\Controllers\\Categories', true)
 5 SYSTEMPATH/CodeIgniter.php(496): CodeIgniter\CodeIgniter->startController()
 6 SYSTEMPATH/CodeIgniter.php(355): CodeIgniter\CodeIgniter->handleRequest(null, Object(Config\Cache), false)
 7 SYSTEMPATH/Boot.php(325): CodeIgniter\CodeIgniter->run()
 8 SYSTEMPATH/Boot.php(67): CodeIgniter\Boot::runCodeIgniter(Object(CodeIgniter\CodeIgniter))
 9 FCPATH/index.php(56): CodeIgniter\Boot::bootWeb(Object(Config\Paths))
CRITICAL - 2025-04-19 06:46:02 --> ErrorException: Undefined array key 0
[Method: DELETE, Route: categories/17]
in APPPATH/Controllers/Categories.php on line 97.
 1 APPPATH/Controllers/Categories.php(97): CodeIgniter\Debug\Exceptions->errorHandler(2, 'Undefined array key 0', '/opt/lampp/htdocs/gacetapolicial/be/app/Controllers/Categories.php', 97)
 2 SYSTEMPATH/CodeIgniter.php(933): App\Controllers\Categories->delete('17')
 3 SYSTEMPATH/CodeIgniter.php(509): CodeIgniter\CodeIgniter->runController(Object(App\Controllers\Categories))
 4 SYSTEMPATH/CodeIgniter.php(355): CodeIgniter\CodeIgniter->handleRequest(null, Object(Config\Cache), false)
 5 SYSTEMPATH/Boot.php(325): CodeIgniter\CodeIgniter->run()
 6 SYSTEMPATH/Boot.php(67): CodeIgniter\Boot::runCodeIgniter(Object(CodeIgniter\CodeIgniter))
 7 FCPATH/index.php(56): CodeIgniter\Boot::bootWeb(Object(Config\Paths))
CRITICAL - 2025-04-19 06:47:35 --> ErrorException: Undefined property: stdClass::$img
[Method: POST, Route: categories]
in APPPATH/Controllers/Categories.php on line 50.
 1 APPPATH/Controllers/Categories.php(50): CodeIgniter\Debug\Exceptions->errorHandler(2, 'Undefined property: stdClass::$img', '/opt/lampp/htdocs/gacetapolicial/be/app/Controllers/Categories.php', 50)
 2 SYSTEMPATH/CodeIgniter.php(933): App\Controllers\Categories->create()
 3 SYSTEMPATH/CodeIgniter.php(509): CodeIgniter\CodeIgniter->runController(Object(App\Controllers\Categories))
 4 SYSTEMPATH/CodeIgniter.php(355): CodeIgniter\CodeIgniter->handleRequest(null, Object(Config\Cache), false)
 5 SYSTEMPATH/Boot.php(325): CodeIgniter\CodeIgniter->run()
 6 SYSTEMPATH/Boot.php(67): CodeIgniter\Boot::runCodeIgniter(Object(CodeIgniter\CodeIgniter))
 7 FCPATH/index.php(56): CodeIgniter\Boot::bootWeb(Object(Config\Paths))
CRITICAL - 2025-04-19 06:54:18 --> ErrorException: Undefined property: stdClass::$img
[Method: POST, Route: categories]
in APPPATH/Controllers/Categories.php on line 50.
 1 APPPATH/Controllers/Categories.php(50): CodeIgniter\Debug\Exceptions->errorHandler(2, 'Undefined property: stdClass::$img', '/opt/lampp/htdocs/gacetapolicial/be/app/Controllers/Categories.php', 50)
 2 SYSTEMPATH/CodeIgniter.php(933): App\Controllers\Categories->create()
 3 SYSTEMPATH/CodeIgniter.php(509): CodeIgniter\CodeIgniter->runController(Object(App\Controllers\Categories))
 4 SYSTEMPATH/CodeIgniter.php(355): CodeIgniter\CodeIgniter->handleRequest(null, Object(Config\Cache), false)
 5 SYSTEMPATH/Boot.php(325): CodeIgniter\CodeIgniter->run()
 6 SYSTEMPATH/Boot.php(67): CodeIgniter\Boot::runCodeIgniter(Object(CodeIgniter\CodeIgniter))
 7 FCPATH/index.php(56): CodeIgniter\Boot::bootWeb(Object(Config\Paths))
CRITICAL - 2025-04-19 07:39:45 --> ParseError: syntax error, unexpected variable "$fileDigitalOrigin"
[Method: POST, Route: categories/listByNivel]
in APPPATH/Controllers/Categories.php on line 66.
 1 SYSTEMPATH/Autoloader/Autoloader.php(296): CodeIgniter\Autoloader\Autoloader->includeFile('/opt/lampp/htdocs/gacetapolicial/be/app/Controllers/Categories.php')
 2 SYSTEMPATH/Autoloader/Autoloader.php(272): CodeIgniter\Autoloader\Autoloader->loadInNamespace('App\\Controllers\\Categories')
 3 [internal function]: CodeIgniter\Autoloader\Autoloader->loadClass('App\\Controllers\\Categories')
 4 SYSTEMPATH/CodeIgniter.php(887): class_exists('\\App\\Controllers\\Categories', true)
 5 SYSTEMPATH/CodeIgniter.php(496): CodeIgniter\CodeIgniter->startController()
 6 SYSTEMPATH/CodeIgniter.php(355): CodeIgniter\CodeIgniter->handleRequest(null, Object(Config\Cache), false)
 7 SYSTEMPATH/Boot.php(325): CodeIgniter\CodeIgniter->run()
 8 SYSTEMPATH/Boot.php(67): CodeIgniter\Boot::runCodeIgniter(Object(CodeIgniter\CodeIgniter))
 9 FCPATH/index.php(56): CodeIgniter\Boot::bootWeb(Object(Config\Paths))
CRITICAL - 2025-04-19 07:39:50 --> ParseError: syntax error, unexpected variable "$fileDigitalOrigin"
[Method: POST, Route: categories/listByNivel]
in APPPATH/Controllers/Categories.php on line 66.
 1 SYSTEMPATH/Autoloader/Autoloader.php(296): CodeIgniter\Autoloader\Autoloader->includeFile('/opt/lampp/htdocs/gacetapolicial/be/app/Controllers/Categories.php')
 2 SYSTEMPATH/Autoloader/Autoloader.php(272): CodeIgniter\Autoloader\Autoloader->loadInNamespace('App\\Controllers\\Categories')
 3 [internal function]: CodeIgniter\Autoloader\Autoloader->loadClass('App\\Controllers\\Categories')
 4 SYSTEMPATH/CodeIgniter.php(887): class_exists('\\App\\Controllers\\Categories', true)
 5 SYSTEMPATH/CodeIgniter.php(496): CodeIgniter\CodeIgniter->startController()
 6 SYSTEMPATH/CodeIgniter.php(355): CodeIgniter\CodeIgniter->handleRequest(null, Object(Config\Cache), false)
 7 SYSTEMPATH/Boot.php(325): CodeIgniter\CodeIgniter->run()
 8 SYSTEMPATH/Boot.php(67): CodeIgniter\Boot::runCodeIgniter(Object(CodeIgniter\CodeIgniter))
 9 FCPATH/index.php(56): CodeIgniter\Boot::bootWeb(Object(Config\Paths))
CRITICAL - 2025-04-19 07:40:03 --> ParseError: syntax error, unexpected variable "$fileDigitalOrigin"
[Method: POST, Route: categories/listByNivel]
in APPPATH/Controllers/Categories.php on line 66.
 1 SYSTEMPATH/Autoloader/Autoloader.php(296): CodeIgniter\Autoloader\Autoloader->includeFile('/opt/lampp/htdocs/gacetapolicial/be/app/Controllers/Categories.php')
 2 SYSTEMPATH/Autoloader/Autoloader.php(272): CodeIgniter\Autoloader\Autoloader->loadInNamespace('App\\Controllers\\Categories')
 3 [internal function]: CodeIgniter\Autoloader\Autoloader->loadClass('App\\Controllers\\Categories')
 4 SYSTEMPATH/CodeIgniter.php(887): class_exists('\\App\\Controllers\\Categories', true)
 5 SYSTEMPATH/CodeIgniter.php(496): CodeIgniter\CodeIgniter->startController()
 6 SYSTEMPATH/CodeIgniter.php(355): CodeIgniter\CodeIgniter->handleRequest(null, Object(Config\Cache), false)
 7 SYSTEMPATH/Boot.php(325): CodeIgniter\CodeIgniter->run()
 8 SYSTEMPATH/Boot.php(67): CodeIgniter\Boot::runCodeIgniter(Object(CodeIgniter\CodeIgniter))
 9 FCPATH/index.php(56): CodeIgniter\Boot::bootWeb(Object(Config\Paths))
CRITICAL - 2025-04-19 07:44:18 --> Error: Call to undefined function App\Controllers\onSaveImage()
[Method: POST, Route: categories]
in APPPATH/Controllers/Categories.php on line 54.
 1 SYSTEMPATH/CodeIgniter.php(933): App\Controllers\Categories->create()
 2 SYSTEMPATH/CodeIgniter.php(509): CodeIgniter\CodeIgniter->runController(Object(App\Controllers\Categories))
 3 SYSTEMPATH/CodeIgniter.php(355): CodeIgniter\CodeIgniter->handleRequest(null, Object(Config\Cache), false)
 4 SYSTEMPATH/Boot.php(325): CodeIgniter\CodeIgniter->run()
 5 SYSTEMPATH/Boot.php(67): CodeIgniter\Boot::runCodeIgniter(Object(CodeIgniter\CodeIgniter))
 6 FCPATH/index.php(56): CodeIgniter\Boot::bootWeb(Object(Config\Paths))
CRITICAL - 2025-04-19 08:02:13 --> Error: Call to undefined function App\Controllers\onSaveImage()
[Method: POST, Route: categories]
in APPPATH/Controllers/Categories.php on line 54.
 1 SYSTEMPATH/CodeIgniter.php(933): App\Controllers\Categories->create()
 2 SYSTEMPATH/CodeIgniter.php(509): CodeIgniter\CodeIgniter->runController(Object(App\Controllers\Categories))
 3 SYSTEMPATH/CodeIgniter.php(355): CodeIgniter\CodeIgniter->handleRequest(null, Object(Config\Cache), false)
 4 SYSTEMPATH/Boot.php(325): CodeIgniter\CodeIgniter->run()
 5 SYSTEMPATH/Boot.php(67): CodeIgniter\Boot::runCodeIgniter(Object(CodeIgniter\CodeIgniter))
 6 FCPATH/index.php(56): CodeIgniter\Boot::bootWeb(Object(Config\Paths))
CRITICAL - 2025-04-19 08:23:48 --> Error: Call to undefined function App\Controllers\onSaveImage()
[Method: POST, Route: categories]
in APPPATH/Controllers/Categories.php on line 54.
 1 SYSTEMPATH/CodeIgniter.php(933): App\Controllers\Categories->create()
 2 SYSTEMPATH/CodeIgniter.php(509): CodeIgniter\CodeIgniter->runController(Object(App\Controllers\Categories))
 3 SYSTEMPATH/CodeIgniter.php(355): CodeIgniter\CodeIgniter->handleRequest(null, Object(Config\Cache), false)
 4 SYSTEMPATH/Boot.php(325): CodeIgniter\CodeIgniter->run()
 5 SYSTEMPATH/Boot.php(67): CodeIgniter\Boot::runCodeIgniter(Object(CodeIgniter\CodeIgniter))
 6 FCPATH/index.php(56): CodeIgniter\Boot::bootWeb(Object(Config\Paths))
CRITICAL - 2025-04-19 08:25:26 --> Error: Call to undefined function App\Controllers\onSaveImage()
[Method: POST, Route: categories]
in APPPATH/Controllers/Categories.php on line 54.
 1 SYSTEMPATH/CodeIgniter.php(933): App\Controllers\Categories->create()
 2 SYSTEMPATH/CodeIgniter.php(509): CodeIgniter\CodeIgniter->runController(Object(App\Controllers\Categories))
 3 SYSTEMPATH/CodeIgniter.php(355): CodeIgniter\CodeIgniter->handleRequest(null, Object(Config\Cache), false)
 4 SYSTEMPATH/Boot.php(325): CodeIgniter\CodeIgniter->run()
 5 SYSTEMPATH/Boot.php(67): CodeIgniter\Boot::runCodeIgniter(Object(CodeIgniter\CodeIgniter))
 6 FCPATH/index.php(56): CodeIgniter\Boot::bootWeb(Object(Config\Paths))
CRITICAL - 2025-04-19 08:27:18 --> Error: Call to undefined function App\Controllers\onSaveImage()
[Method: POST, Route: categories]
in APPPATH/Controllers/Categories.php on line 55.
 1 SYSTEMPATH/CodeIgniter.php(933): App\Controllers\Categories->create()
 2 SYSTEMPATH/CodeIgniter.php(509): CodeIgniter\CodeIgniter->runController(Object(App\Controllers\Categories))
 3 SYSTEMPATH/CodeIgniter.php(355): CodeIgniter\CodeIgniter->handleRequest(null, Object(Config\Cache), false)
 4 SYSTEMPATH/Boot.php(325): CodeIgniter\CodeIgniter->run()
 5 SYSTEMPATH/Boot.php(67): CodeIgniter\Boot::runCodeIgniter(Object(CodeIgniter\CodeIgniter))
 6 FCPATH/index.php(56): CodeIgniter\Boot::bootWeb(Object(Config\Paths))
CRITICAL - 2025-04-19 08:28:14 --> Error: Call to undefined function App\Controllers\onSaveImage()
[Method: POST, Route: categories]
in APPPATH/Controllers/Categories.php on line 55.
 1 SYSTEMPATH/CodeIgniter.php(933): App\Controllers\Categories->create()
 2 SYSTEMPATH/CodeIgniter.php(509): CodeIgniter\CodeIgniter->runController(Object(App\Controllers\Categories))
 3 SYSTEMPATH/CodeIgniter.php(355): CodeIgniter\CodeIgniter->handleRequest(null, Object(Config\Cache), false)
 4 SYSTEMPATH/Boot.php(325): CodeIgniter\CodeIgniter->run()
 5 SYSTEMPATH/Boot.php(67): CodeIgniter\Boot::runCodeIgniter(Object(CodeIgniter\CodeIgniter))
 6 FCPATH/index.php(56): CodeIgniter\Boot::bootWeb(Object(Config\Paths))
CRITICAL - 2025-04-19 08:28:39 --> Error: Call to undefined function App\Controllers\onSaveImage()
[Method: POST, Route: categories]
in APPPATH/Controllers/Categories.php on line 55.
 1 SYSTEMPATH/CodeIgniter.php(933): App\Controllers\Categories->create()
 2 SYSTEMPATH/CodeIgniter.php(509): CodeIgniter\CodeIgniter->runController(Object(App\Controllers\Categories))
 3 SYSTEMPATH/CodeIgniter.php(355): CodeIgniter\CodeIgniter->handleRequest(null, Object(Config\Cache), false)
 4 SYSTEMPATH/Boot.php(325): CodeIgniter\CodeIgniter->run()
 5 SYSTEMPATH/Boot.php(67): CodeIgniter\Boot::runCodeIgniter(Object(CodeIgniter\CodeIgniter))
 6 FCPATH/index.php(56): CodeIgniter\Boot::bootWeb(Object(Config\Paths))
ERROR - 2025-04-19 14:59:07 --> mysqli_sql_exception: You have an error in your SQL syntax; check the manual that corresponds to your MariaDB server version for the right syntax to use near '' at line 1 in /opt/lampp/htdocs/gacetapolicial/be/system/Database/MySQLi/Connection.php:312
Stack trace:
#0 /opt/lampp/htdocs/gacetapolicial/be/system/Database/MySQLi/Connection.php(312): mysqli->query('SELECT * FROM c...', 0)
#1 /opt/lampp/htdocs/gacetapolicial/be/system/Database/BaseConnection.php(734): CodeIgniter\Database\MySQLi\Connection->execute('SELECT * FROM c...')
#2 /opt/lampp/htdocs/gacetapolicial/be/system/Database/BaseConnection.php(648): CodeIgniter\Database\BaseConnection->simpleQuery('SELECT * FROM c...')
#3 /opt/lampp/htdocs/gacetapolicial/be/app/Models/CategoryCustomModel.php(26): CodeIgniter\Database\BaseConnection->query('SELECT * FROM c...')
#4 /opt/lampp/htdocs/gacetapolicial/be/app/Controllers/Categories.php(141): App\Models\CategoryCustomModel->listByCategoryId(NULL)
#5 /opt/lampp/htdocs/gacetapolicial/be/system/CodeIgniter.php(933): App\Controllers\Categories->listByCategoryId()
#6 /opt/lampp/htdocs/gacetapolicial/be/system/CodeIgniter.php(509): CodeIgniter\CodeIgniter->runController(Object(App\Controllers\Categories))
#7 /opt/lampp/htdocs/gacetapolicial/be/system/CodeIgniter.php(355): CodeIgniter\CodeIgniter->handleRequest(NULL, Object(Config\Cache), false)
#8 /opt/lampp/htdocs/gacetapolicial/be/system/Boot.php(325): CodeIgniter\CodeIgniter->run()
#9 /opt/lampp/htdocs/gacetapolicial/be/system/Boot.php(67): CodeIgniter\Boot::runCodeIgniter(Object(CodeIgniter\CodeIgniter))
#10 /opt/lampp/htdocs/gacetapolicial/be/index.php(56): CodeIgniter\Boot::bootWeb(Object(Config\Paths))
#11 {main}
CRITICAL - 2025-04-19 14:59:07 --> CodeIgniter\Database\Exceptions\DatabaseException: You have an error in your SQL syntax; check the manual that corresponds to your MariaDB server version for the right syntax to use near '' at line 1
[Method: POST, Route: categories/listByCategoryId]
in SYSTEMPATH/Database/BaseConnection.php on line 688.
 1 APPPATH/Models/CategoryCustomModel.php(26): CodeIgniter\Database\BaseConnection->query('SELECT * FROM categories WHERE category_id = ;')
 2 APPPATH/Controllers/Categories.php(141): App\Models\CategoryCustomModel->listByCategoryId(null)
 3 SYSTEMPATH/CodeIgniter.php(933): App\Controllers\Categories->listByCategoryId()
 4 SYSTEMPATH/CodeIgniter.php(509): CodeIgniter\CodeIgniter->runController(Object(App\Controllers\Categories))
 5 SYSTEMPATH/CodeIgniter.php(355): CodeIgniter\CodeIgniter->handleRequest(null, Object(Config\Cache), false)
 6 SYSTEMPATH/Boot.php(325): CodeIgniter\CodeIgniter->run()
 7 SYSTEMPATH/Boot.php(67): CodeIgniter\Boot::runCodeIgniter(Object(CodeIgniter\CodeIgniter))
 8 FCPATH/index.php(56): CodeIgniter\Boot::bootWeb(Object(Config\Paths))
CRITICAL - 2025-04-19 14:59:07 --> [Caused by] CodeIgniter\Database\Exceptions\DatabaseException: You have an error in your SQL syntax; check the manual that corresponds to your MariaDB server version for the right syntax to use near '' at line 1
in SYSTEMPATH/Database/MySQLi/Connection.php on line 317.
 1 SYSTEMPATH/Database/BaseConnection.php(734): CodeIgniter\Database\MySQLi\Connection->execute('SELECT * FROM categories WHERE category_id = ;')
 2 SYSTEMPATH/Database/BaseConnection.php(648): CodeIgniter\Database\BaseConnection->simpleQuery('SELECT * FROM categories WHERE category_id = ;')
 3 APPPATH/Models/CategoryCustomModel.php(26): CodeIgniter\Database\BaseConnection->query('SELECT * FROM categories WHERE category_id = ;')
 4 APPPATH/Controllers/Categories.php(141): App\Models\CategoryCustomModel->listByCategoryId(null)
 5 SYSTEMPATH/CodeIgniter.php(933): App\Controllers\Categories->listByCategoryId()
 6 SYSTEMPATH/CodeIgniter.php(509): CodeIgniter\CodeIgniter->runController(Object(App\Controllers\Categories))
 7 SYSTEMPATH/CodeIgniter.php(355): CodeIgniter\CodeIgniter->handleRequest(null, Object(Config\Cache), false)
 8 SYSTEMPATH/Boot.php(325): CodeIgniter\CodeIgniter->run()
 9 SYSTEMPATH/Boot.php(67): CodeIgniter\Boot::runCodeIgniter(Object(CodeIgniter\CodeIgniter))
10 FCPATH/index.php(56): CodeIgniter\Boot::bootWeb(Object(Config\Paths))
CRITICAL - 2025-04-19 14:59:07 --> [Caused by] mysqli_sql_exception: You have an error in your SQL syntax; check the manual that corresponds to your MariaDB server version for the right syntax to use near '' at line 1
in SYSTEMPATH/Database/MySQLi/Connection.php on line 312.
 1 SYSTEMPATH/Database/MySQLi/Connection.php(312): mysqli->query('SELECT * FROM categories WHERE category_id = ;', 0)
 2 SYSTEMPATH/Database/BaseConnection.php(734): CodeIgniter\Database\MySQLi\Connection->execute('SELECT * FROM categories WHERE category_id = ;')
 3 SYSTEMPATH/Database/BaseConnection.php(648): CodeIgniter\Database\BaseConnection->simpleQuery('SELECT * FROM categories WHERE category_id = ;')
 4 APPPATH/Models/CategoryCustomModel.php(26): CodeIgniter\Database\BaseConnection->query('SELECT * FROM categories WHERE category_id = ;')
 5 APPPATH/Controllers/Categories.php(141): App\Models\CategoryCustomModel->listByCategoryId(null)
 6 SYSTEMPATH/CodeIgniter.php(933): App\Controllers\Categories->listByCategoryId()
 7 SYSTEMPATH/CodeIgniter.php(509): CodeIgniter\CodeIgniter->runController(Object(App\Controllers\Categories))
 8 SYSTEMPATH/CodeIgniter.php(355): CodeIgniter\CodeIgniter->handleRequest(null, Object(Config\Cache), false)
 9 SYSTEMPATH/Boot.php(325): CodeIgniter\CodeIgniter->run()
10 SYSTEMPATH/Boot.php(67): CodeIgniter\Boot::runCodeIgniter(Object(CodeIgniter\CodeIgniter))
11 FCPATH/index.php(56): CodeIgniter\Boot::bootWeb(Object(Config\Paths))
